Build target 'STC32F12K'
compiling Motor.c...
..\USER\Hardware\Motor.c(145): error C25: syntax error near '='
..\USER\Hardware\Motor.c(145): error C25: syntax error near '.'
..\USER\Hardware\Motor.c(145): warning C34: 'Motor_Out_Value': missing declaration specifiers
..\USER\Hardware\Motor.c(146): error C53: redefinition of 'MOTOR_PWM'
..\USER\Hardware\Motor.c(147): error C25: syntax error near 'return'
..\USER\Hardware\Motor.c(147): error C25: syntax error near 'int'
..\USER\Hardware\Motor.c(147): error C25: syntax error near ')'
..\USER\Hardware\Motor.c(147): warning C34: 'MOTOR_PWM': missing declaration specifiers
..\USER\Hardware\Motor.c(147): error C53: redefinition of 'MOTOR_PWM'
..\USER\Hardware\Motor.c(148): error C25: syntax error near '}'
compiling direction.c...
..\USER\Hardware\direction.c(130): warning C57: parameter 1: different from declaration
Target not created.
Build Time Elapsed:  00:00:00
